2025-06-29 23:20:44,258 - InstagramAPI - INFO - Directory structure verified
2025-06-29 23:20:44,258 - InstagramAPI - INFO - Starting Instagram Bot API on 0.0.0.0:8551
2025-06-29 23:20:44,258 - InstagramAPI - INFO - API documentation will be available at http://0.0.0.0:8551/docs
2025-06-29 23:20:44,258 - InstagramAPI - INFO - Web interface will be available at http://0.0.0.0:8551/
2025-06-29 23:36:32,894 - InstagramAPI - INFO - Directory structure verified
2025-06-29 23:36:32,894 - InstagramAPI - INFO - Starting Instagram Bot API on 0.0.0.0:8551
2025-06-29 23:36:32,894 - InstagramAPI - INFO - API documentation will be available at http://0.0.0.0:8551/docs
2025-06-29 23:36:32,894 - InstagramAPI - INFO - Web interface will be available at http://0.0.0.0:8551/
2025-06-29 23:36:40,830 - InstagramAPI - INFO - Directory structure verified
2025-06-29 23:36:40,831 - InstagramAPI - INFO - Starting Instagram Bot API on 0.0.0.0:8551
2025-06-29 23:36:40,831 - InstagramAPI - INFO - API documentation will be available at http://0.0.0.0:8551/docs
2025-06-29 23:36:40,831 - InstagramAPI - INFO - Web interface will be available at http://0.0.0.0:8551/
2025-06-29 23:37:03,560 - instagrapi - INFO - https://i.instagram.com/api/v1/feed/timeline/
2025-06-29 23:37:03,953 - private_request - INFO - asrotx [400] POST https://i.instagram.com/api/v1/feed/timeline/ (269.0.0.18.75, OnePlus 6T Dev)
2025-06-29 23:37:04,954 - instagrapi - INFO - https://i.instagram.com/api/v1/challenge/
2025-06-29 23:37:05,245 - private_request - INFO - asrotx [400] GET https://i.instagram.com/api/v1/challenge/ (269.0.0.18.75, OnePlus 6T Dev)
2025-06-29 23:37:21,923 - instagrapi - INFO - https://i.instagram.com/api/v1/feed/timeline/
2025-06-29 23:37:22,208 - private_request - INFO - asrotx [400] POST https://i.instagram.com/api/v1/feed/timeline/ (269.0.0.18.75, OnePlus 6T Dev)
2025-06-29 23:37:52,348 - public_request - INFO - [None] [201] GET https://www.instagram.com/bamby.pf/?__a=1&__d=dis
2025-06-29 23:37:52,348 - public_request - ERROR - Status 201: JSONDecodeError in public_request (url=https://www.instagram.com/bamby.pf/?__a=1&__d=dis) >>> 
2025-06-29 23:37:55,641 - public_request - INFO - [None] [201] GET https://www.instagram.com/bamby.pf/?__a=1&__d=dis
2025-06-29 23:37:55,641 - public_request - ERROR - Status 201: JSONDecodeError in public_request (url=https://www.instagram.com/bamby.pf/?__a=1&__d=dis) >>> 
2025-06-29 23:37:58,944 - public_request - INFO - [None] [201] GET https://www.instagram.com/bamby.pf/?__a=1&__d=dis
2025-06-29 23:37:58,944 - public_request - ERROR - Status 201: JSONDecodeError in public_request (url=https://www.instagram.com/bamby.pf/?__a=1&__d=dis) >>> 
2025-06-29 23:37:59,945 - instagrapi - INFO - https://i.instagram.com/api/v1/users/bamby.pf/usernameinfo/
2025-06-29 23:38:00,240 - private_request - INFO - asrotx [400] GET https://i.instagram.com/api/v1/users/bamby.pf/usernameinfo/ (269.0.0.18.75, OnePlus 6T Dev)
2025-06-29 23:38:01,240 - instagrapi - INFO - https://i.instagram.com/api/v1/challenge/
2025-06-29 23:38:01,547 - private_request - INFO - asrotx [400] GET https://i.instagram.com/api/v1/challenge/ (269.0.0.18.75, OnePlus 6T Dev)
2025-06-29 23:38:18,219 - instagrapi - INFO - https://i.instagram.com/api/v1/users/bamby.pf/usernameinfo/
2025-06-29 23:38:18,587 - private_request - INFO - asrotx [400] GET https://i.instagram.com/api/v1/users/bamby.pf/usernameinfo/ (269.0.0.18.75, OnePlus 6T Dev)
2025-06-29 23:38:19,935 - public_request - INFO - [None] [201] GET https://www.instagram.com/bamby.pf/?__a=1&__d=dis
2025-06-29 23:38:19,935 - public_request - ERROR - Status 201: JSONDecodeError in public_request (url=https://www.instagram.com/bamby.pf/?__a=1&__d=dis) >>> 
2025-06-29 23:38:23,208 - public_request - INFO - [None] [201] GET https://www.instagram.com/bamby.pf/?__a=1&__d=dis
2025-06-29 23:38:23,208 - public_request - ERROR - Status 201: JSONDecodeError in public_request (url=https://www.instagram.com/bamby.pf/?__a=1&__d=dis) >>> 
2025-06-29 23:38:26,488 - public_request - INFO - [None] [201] GET https://www.instagram.com/bamby.pf/?__a=1&__d=dis
2025-06-29 23:38:26,488 - public_request - ERROR - Status 201: JSONDecodeError in public_request (url=https://www.instagram.com/bamby.pf/?__a=1&__d=dis) >>> 
2025-06-29 23:38:32,121 - public_request - INFO - [None] [201] GET https://www.instagram.com/m_i_l_k_a_1_3/?__a=1&__d=dis
2025-06-29 23:38:32,121 - public_request - ERROR - Status 201: JSONDecodeError in public_request (url=https://www.instagram.com/m_i_l_k_a_1_3/?__a=1&__d=dis) >>> 
2025-06-29 23:38:35,501 - public_request - INFO - [None] [201] GET https://www.instagram.com/m_i_l_k_a_1_3/?__a=1&__d=dis
2025-06-29 23:38:35,501 - public_request - ERROR - Status 201: JSONDecodeError in public_request (url=https://www.instagram.com/m_i_l_k_a_1_3/?__a=1&__d=dis) >>> 
2025-06-29 23:38:38,879 - public_request - INFO - [None] [201] GET https://www.instagram.com/m_i_l_k_a_1_3/?__a=1&__d=dis
2025-06-29 23:38:38,880 - public_request - ERROR - Status 201: JSONDecodeError in public_request (url=https://www.instagram.com/m_i_l_k_a_1_3/?__a=1&__d=dis) >>> 
2025-06-29 23:38:39,880 - instagrapi - INFO - https://i.instagram.com/api/v1/users/m_i_l_k_a_1_3/usernameinfo/
2025-06-29 23:38:40,170 - private_request - INFO - asrotx [400] GET https://i.instagram.com/api/v1/users/m_i_l_k_a_1_3/usernameinfo/ (269.0.0.18.75, OnePlus 6T Dev)
2025-06-29 23:38:41,170 - instagrapi - INFO - https://i.instagram.com/api/v1/challenge/
2025-06-29 23:38:41,542 - private_request - INFO - asrotx [400] GET https://i.instagram.com/api/v1/challenge/ (269.0.0.18.75, OnePlus 6T Dev)
2025-06-29 23:38:58,193 - instagrapi - INFO - https://i.instagram.com/api/v1/users/m_i_l_k_a_1_3/usernameinfo/
2025-06-29 23:38:58,470 - private_request - INFO - asrotx [400] GET https://i.instagram.com/api/v1/users/m_i_l_k_a_1_3/usernameinfo/ (269.0.0.18.75, OnePlus 6T Dev)
2025-06-29 23:38:59,769 - public_request - INFO - [None] [201] GET https://www.instagram.com/m_i_l_k_a_1_3/?__a=1&__d=dis
2025-06-29 23:38:59,769 - public_request - ERROR - Status 201: JSONDecodeError in public_request (url=https://www.instagram.com/m_i_l_k_a_1_3/?__a=1&__d=dis) >>> 
2025-06-29 23:39:03,044 - public_request - INFO - [None] [201] GET https://www.instagram.com/m_i_l_k_a_1_3/?__a=1&__d=dis
2025-06-29 23:39:03,044 - public_request - ERROR - Status 201: JSONDecodeError in public_request (url=https://www.instagram.com/m_i_l_k_a_1_3/?__a=1&__d=dis) >>> 
2025-06-29 23:39:06,342 - public_request - INFO - [None] [201] GET https://www.instagram.com/m_i_l_k_a_1_3/?__a=1&__d=dis
2025-06-29 23:39:06,342 - public_request - ERROR - Status 201: JSONDecodeError in public_request (url=https://www.instagram.com/m_i_l_k_a_1_3/?__a=1&__d=dis) >>> 
2025-06-29 23:43:59,566 - InstagramAPI - INFO - Directory structure verified
2025-06-29 23:43:59,566 - InstagramAPI - INFO - Starting Instagram Bot API on 0.0.0.0:8551
2025-06-29 23:43:59,566 - InstagramAPI - INFO - API documentation will be available at http://0.0.0.0:8551/docs
2025-06-29 23:43:59,566 - InstagramAPI - INFO - Web interface will be available at http://0.0.0.0:8551/
2025-06-29 23:44:08,650 - instagrapi - INFO - https://i.instagram.com/api/v1/feed/timeline/
2025-06-29 23:44:09,022 - private_request - INFO - string [400] POST https://i.instagram.com/api/v1/feed/timeline/ (269.0.0.18.75, OnePlus 6T Dev)
2025-06-29 23:44:10,022 - instagrapi - INFO - https://i.instagram.com/api/v1/challenge/
2025-06-29 23:44:10,300 - private_request - INFO - string [400] GET https://i.instagram.com/api/v1/challenge/ (269.0.0.18.75, OnePlus 6T Dev)
2025-06-29 23:44:27,004 - instagrapi - INFO - https://i.instagram.com/api/v1/feed/timeline/
2025-06-29 23:44:27,276 - private_request - INFO - string [400] POST https://i.instagram.com/api/v1/feed/timeline/ (269.0.0.18.75, OnePlus 6T Dev)
2025-06-29 23:44:44,760 - public_request - INFO - [None] [201] GET https://www.instagram.com/m_i_l_k_a_1_3/?__a=1&__d=dis
2025-06-29 23:44:44,760 - public_request - ERROR - Status 201: JSONDecodeError in public_request (url=https://www.instagram.com/m_i_l_k_a_1_3/?__a=1&__d=dis) >>> 
2025-06-29 23:44:48,130 - public_request - INFO - [None] [201] GET https://www.instagram.com/m_i_l_k_a_1_3/?__a=1&__d=dis
2025-06-29 23:44:48,131 - public_request - ERROR - Status 201: JSONDecodeError in public_request (url=https://www.instagram.com/m_i_l_k_a_1_3/?__a=1&__d=dis) >>> 
2025-06-29 23:44:51,518 - public_request - INFO - [None] [201] GET https://www.instagram.com/m_i_l_k_a_1_3/?__a=1&__d=dis
2025-06-29 23:44:51,519 - public_request - ERROR - Status 201: JSONDecodeError in public_request (url=https://www.instagram.com/m_i_l_k_a_1_3/?__a=1&__d=dis) >>> 
2025-06-29 23:44:52,519 - instagrapi - INFO - https://i.instagram.com/api/v1/users/m_i_l_k_a_1_3/usernameinfo/
2025-06-29 23:44:53,055 - private_request - INFO - string [400] GET https://i.instagram.com/api/v1/users/m_i_l_k_a_1_3/usernameinfo/ (269.0.0.18.75, OnePlus 6T Dev)
2025-06-29 23:44:54,055 - instagrapi - INFO - https://i.instagram.com/api/v1/challenge/
2025-06-29 23:44:54,488 - private_request - INFO - string [400] GET https://i.instagram.com/api/v1/challenge/ (269.0.0.18.75, OnePlus 6T Dev)
2025-06-29 23:45:11,281 - instagrapi - INFO - https://i.instagram.com/api/v1/users/m_i_l_k_a_1_3/usernameinfo/
2025-06-29 23:45:11,534 - private_request - INFO - string [400] GET https://i.instagram.com/api/v1/users/m_i_l_k_a_1_3/usernameinfo/ (269.0.0.18.75, OnePlus 6T Dev)
2025-06-29 23:45:12,815 - public_request - INFO - [None] [201] GET https://www.instagram.com/m_i_l_k_a_1_3/?__a=1&__d=dis
2025-06-29 23:45:12,815 - public_request - ERROR - Status 201: JSONDecodeError in public_request (url=https://www.instagram.com/m_i_l_k_a_1_3/?__a=1&__d=dis) >>> 
2025-06-29 23:45:16,186 - public_request - INFO - [None] [201] GET https://www.instagram.com/m_i_l_k_a_1_3/?__a=1&__d=dis
2025-06-29 23:45:16,186 - public_request - ERROR - Status 201: JSONDecodeError in public_request (url=https://www.instagram.com/m_i_l_k_a_1_3/?__a=1&__d=dis) >>> 
2025-06-29 23:45:19,493 - public_request - INFO - [None] [201] GET https://www.instagram.com/m_i_l_k_a_1_3/?__a=1&__d=dis
2025-06-29 23:45:19,494 - public_request - ERROR - Status 201: JSONDecodeError in public_request (url=https://www.instagram.com/m_i_l_k_a_1_3/?__a=1&__d=dis) >>> 
2025-06-30 00:40:45,668 - instagram - INFO - Loading session from instagram_session.json
2025-06-30 00:40:45,668 - instagram - INFO - Successfully logged in using session file
2025-06-30 00:40:47,116 - public_request - INFO - [None] [200] GET https://www.instagram.com/graphql/query/?variables=%7B%22user_id%22%3A%2275865962378%22%2C%22include_reel%22%3Atrue%7D&query_hash=ad99dd9d3646cc3c0dda65debcd266a7
2025-06-30 00:40:47,116 - instagrapi - ERROR - 'data'
Traceback (most recent call last):
  File "/home/mewtwo/Code/Social-Hunter/.venv/lib/python3.12/site-packages/instagrapi/mixins/user.py", line 272, in user_info
    user = self.user_info_gql(user_id)
           ^^^^^^^^^^^^^^^^^^^^^^^^^^^
  File "/home/mewtwo/Code/Social-Hunter/.venv/lib/python3.12/site-packages/instagrapi/mixins/user.py", line 222, in user_info_gql
    self.username_from_user_id_gql(user_id)
  File "/home/mewtwo/Code/Social-Hunter/.venv/lib/python3.12/site-packages/instagrapi/mixins/user.py", line 102, in username_from_user_id_gql
    return self.user_short_gql(user_id).username
           ^^^^^^^^^^^^^^^^^^^^^^^^^^^^
  File "/home/mewtwo/Code/Social-Hunter/.venv/lib/python3.12/site-packages/instagrapi/mixins/user.py", line 75, in user_short_gql
    data = self.public_graphql_request(
           ^^^^^^^^^^^^^^^^^^^^^^^^^^^^
  File "/home/mewtwo/Code/Social-Hunter/.venv/lib/python3.12/site-packages/instagrapi/mixins/public.py", line 275, in public_graphql_request
    return body_json["data"]
           ~~~~~~~~~^^^^^^^^
KeyError: 'data'
2025-06-30 00:40:48,116 - instagrapi - INFO - https://i.instagram.com/api/v1/users/75865962378/info/
2025-06-30 00:40:48,741 - private_request - INFO - enhidna [400] GET https://i.instagram.com/api/v1/users/75865962378/info/ (269.0.0.18.75, OnePlus 6T Dev)
2025-06-30 00:40:49,741 - instagrapi - INFO - https://i.instagram.com/api/v1/challenge/
2025-06-30 00:40:50,086 - private_request - INFO - enhidna [400] GET https://i.instagram.com/api/v1/challenge/ (269.0.0.18.75, OnePlus 6T Dev)
2025-06-30 00:41:06,815 - instagrapi - INFO - https://i.instagram.com/api/v1/users/75865962378/info/
2025-06-30 00:41:07,209 - private_request - INFO - enhidna [400] GET https://i.instagram.com/api/v1/users/75865962378/info/ (269.0.0.18.75, OnePlus 6T Dev)
2025-06-30 00:41:07,209 - instagram - ERROR - Error while testing connection: challenge_required
2025-06-30 00:43:27,734 - instagram - INFO - Loading session from instagram_session.json
2025-06-30 00:43:27,734 - instagram - INFO - Successfully logged in using session file
2025-06-30 00:43:30,062 - instagrapi - INFO - https://i.instagram.com/api/v1/accounts/current_user/?edit=true
2025-06-30 00:43:30,414 - private_request - INFO - enhidna [400] GET https://i.instagram.com/api/v1/accounts/current_user/?edit=true (269.0.0.18.75, OnePlus 6T Dev)
2025-06-30 00:43:31,414 - instagrapi - INFO - https://i.instagram.com/api/v1/challenge/
2025-06-30 00:43:31,711 - private_request - INFO - enhidna [400] GET https://i.instagram.com/api/v1/challenge/ (269.0.0.18.75, OnePlus 6T Dev)
2025-06-30 00:43:48,391 - instagrapi - INFO - https://i.instagram.com/api/v1/accounts/current_user/?edit=true
2025-06-30 00:43:48,684 - private_request - INFO - enhidna [400] GET https://i.instagram.com/api/v1/accounts/current_user/?edit=true (269.0.0.18.75, OnePlus 6T Dev)
2025-06-30 00:43:48,684 - instagram - ERROR - Error checking login status: challenge_required
2025-06-30 00:43:48,684 - instagram - ERROR - Login verification failed. Attempting one more fresh login...
2025-06-30 00:43:48,685 - instagram - ERROR - Login failed (attempt 1/3): 'Client' object has no attribute 'reset'
2025-06-30 00:43:52,004 - instagram - ERROR - Login failed (attempt 2/3): 'Client' object has no attribute 'reset'
2025-06-30 00:43:55,530 - instagram - ERROR - Login failed (attempt 3/3): 'Client' object has no attribute 'reset'
2025-06-30 00:43:59,330 - instagram - ERROR - All 3 login attempts failed
2025-06-30 00:43:59,330 - instagram - ERROR - Login failed after multiple attempts. Exiting.
2025-06-30 00:47:38,660 - instagram - INFO - Loading session from instagram_session.json
2025-06-30 00:47:38,660 - instagram - INFO - Successfully logged in using session file
2025-06-30 00:47:41,756 - instagrapi - INFO - https://i.instagram.com/api/v1/accounts/current_user/?edit=true
2025-06-30 00:47:42,167 - private_request - INFO - enhidna [400] GET https://i.instagram.com/api/v1/accounts/current_user/?edit=true (269.0.0.18.75, OnePlus 6T Dev)
2025-06-30 00:47:43,168 - instagrapi - INFO - https://i.instagram.com/api/v1/challenge/
2025-06-30 00:47:43,483 - private_request - INFO - enhidna [400] GET https://i.instagram.com/api/v1/challenge/ (269.0.0.18.75, OnePlus 6T Dev)
2025-06-30 00:54:08,012 - instagram - INFO - Loading session from instagram_session.json
2025-06-30 00:54:08,013 - instagram - INFO - Successfully logged in using session file
2025-06-30 00:54:10,308 - instagrapi - INFO - https://i.instagram.com/api/v1/accounts/current_user/?edit=true
2025-06-30 00:54:10,719 - private_request - INFO - enhidna [400] GET https://i.instagram.com/api/v1/accounts/current_user/?edit=true (269.0.0.18.75, OnePlus 6T Dev)
2025-06-30 00:54:11,719 - instagrapi - INFO - https://i.instagram.com/api/v1/challenge/
2025-06-30 00:54:12,106 - private_request - INFO - enhidna [400] GET https://i.instagram.com/api/v1/challenge/ (269.0.0.18.75, OnePlus 6T Dev)
